
2020-07-01 23:47:49,724 INFO  BasePage:36 - Open page:class page.HomePage
2020-07-01 23:47:53,650 INFO  BasePage:41 - Click sign in option
2020-07-01 23:50:45 INFO  BasePage:36 - Open page:class page.HomePage
2020-07-01 23:50:50 INFO  BasePage:41 - Click sign in option
2020-07-02 00:23:42 INFO  BasePage:36 - Open page:class page.HomePage
2020-07-02 00:23:46 INFO  BasePage:41 - Click sign in option
2020-07-02 00:24:18 INFO  BasePage:36 - Open page:class page.HomePage
2020-07-02 00:24:22 INFO  BasePage:41 - Click sign in option
2020-07-02 00:26:19 INFO  BasePage:36 - Open page:class page.HomePage
2020-07-02 00:26:22 INFO  BasePage:41 - Click sign in option
2020-07-02 00:28:58 INFO  BasePage:36 - Open page:class page.HomePage
2020-07-02 00:29:01 INFO  BasePage:41 - Click sign in option
2020-07-02 00:33:28 INFO  BasePage:36 - Open page:class page.HomePage
2020-07-02 00:33:32 INFO  BasePage:41 - Click sign in option
2020-07-02 00:34:27 INFO  BasePage:36 - Open page:class page.HomePage
2020-07-02 00:34:30 INFO  BasePage:41 - Click sign in option
2020-07-02 00:36:35 INFO  BasePage:36 - Open page:class page.HomePage
2020-07-02 00:36:39 INFO  BasePage:41 - Click sign in option
%highlight{2020-07-02 00:42:41 INFO  BasePage:36 - Open page:class page.HomePage
}{FATAL=red, ERROR=red, WARN=yellow, INFO=green, DEBUG=cyan,TRACE=black}%highlight{2020-07-02 00:42:45 INFO  BasePage:41 - Click sign in option
}{FATAL=red, ERROR=red, WARN=yellow, INFO=green, DEBUG=cyan,TRACE=black}%highlight{2020-07-02 00:49:24 INFO  BasePage:36 - Open page:class page.HomePage
}{FATAL=red, ERROR=red, WARN=yellow, INFO=green, DEBUG=cyan,TRACE=black}%highlight{2020-07-02 00:49:28 INFO  BasePage:41 - Click sign in option
}{FATAL=red, ERROR=red, WARN=yellow, INFO=green, DEBUG=cyan,TRACE=black}%highlight{2020-07-02 00:50:24 INFO  BasePage:36 - Open page:class page.HomePage
}{FATAL=red, ERROR=red, WARN=blue, INFO=green, DEBUG=cyan,TRACE=black}%highlight{2020-07-02 00:50:28 INFO  BasePage:41 - Click sign in option
}{FATAL=red, ERROR=red, WARN=blue, INFO=green, DEBUG=cyan,TRACE=black}